<?xml version="1.0" encoding="UTF-8"?>
<!-- Generated by org.testng.reporters.JUnitReportReporter -->
<testsuite hostname="DESKTOP-D28V65C" failures="0" tests="6" name="tn.esprit.rh.achat.ProduitServiceMockTest" time="5.005" errors="0" timestamp="2023-09-25T17:11:07 GMT+01:00" skipped="0">
  <testcase classname="tn.esprit.rh.achat.ProduitServiceMockTest" name="testdeleteProduit" time="0.841"/>
  <testcase classname="tn.esprit.rh.achat.ProduitServiceMockTest" name="testupdateProduit" time="0.839"/>
  <testcase classname="tn.esprit.rh.achat.ProduitServiceMockTest" name="testaddProduit" time="0.837"/>
  <testcase classname="tn.esprit.rh.achat.ProduitServiceMockTest" name="testassignProduitToStock" time="0.842"/>
  <testcase classname="tn.esprit.rh.achat.ProduitServiceMockTest" name="testRetrieveProduit" time="0.826"/>
  <testcase classname="tn.esprit.rh.achat.ProduitServiceMockTest" name="testretrieveAllProduits" time="0.820"/>
</testsuite> <!-- tn.esprit.rh.achat.ProduitServiceMockTest -->
